<?xml version="1.0" encoding="UTF-8"?>
<Site BuildName="(empty)"
	BuildStamp="20240809-1228-Experimental"
	Name="(empty)"
	Generator="ctest-3.26.4"
	CompilerName=""
	CompilerVersion=""
	OSName="Windows"
	Hostname="DESKTOP-8065AOT"
	OSRelease=" Professional"
	OSVersion=" (Build 9200)"
	OSPlatform="AMD64"
	Is64Bits="1"
	VendorString=""
	VendorID="Unknown Manufacturer"
	FamilyID="0"
	ModelID="0"
	ProcessorCacheSize="0"
	NumberOfLogicalCPU="6"
	NumberOfPhysicalCPU="6"
	TotalVirtualMemory="18733"
	TotalPhysicalMemory="16301"
	LogicalProcessorsPerPhysical="1"
	ProcessorClockFrequency="3096"
	>
	<Testing>
		<StartDateTime>Aug 09 15:28 RTZ 2 ([NON-UTF-8-BYTE-0xE7][NON-UTF-8-BYTE-0xE8][NON-UTF-8-BYTE-0xEC][NON-UTF-8-BYTE-0xE0])</StartDateTime>
		<StartTestTime>1723206507</StartTestTime>
		<TestList/>
		<EndDateTime>Aug 09 15:28 RTZ 2 ([NON-UTF-8-BYTE-0xE7][NON-UTF-8-BYTE-0xE8][NON-UTF-8-BYTE-0xEC][NON-UTF-8-BYTE-0xE0])</EndDateTime>
		<EndTestTime>1723206507</EndTestTime>
		<ElapsedMinutes>0</ElapsedMinutes>
	</Testing>
</Site>
